[2025-07-20 02:05:20.227] [pgw_logger] [info] Server starting: UDP 0.0.0.0:9000  HTTP port 8080  CDR file /home/astan/CLionProjects/final_project/cdr.log  debug=false
[2025-07-20 02:05:20.228] [pgw_logger] [debug] Config: timeout=30s, graceful_rate=1 sess/sec
[2025-07-20 02:05:20.228] [pgw_logger] [debug] Starting UDP thread
[2025-07-20 02:05:20.228] [pgw_logger] [info] UDP listening on 0.0.0.0:9000
[2025-07-20 02:05:20.228] [pgw_logger] [debug] Starting HTTP thread
[2025-07-20 02:05:20.229] [pgw_logger] [debug] Starting cleanup thread
[2025-07-20 02:05:21.230] [pgw_logger] [debug] No timed‑out sessions this cycle
[2025-07-20 02:05:22.231] [pgw_logger] [debug] No timed‑out sessions this cycle
[2025-07-20 02:05:23.231] [pgw_logger] [debug] No timed‑out sessions this cycle
[2025-07-20 02:05:24.231] [pgw_logger] [debug] No timed‑out sessions this cycle
[2025-07-20 02:05:25.232] [pgw_logger] [debug] No timed‑out sessions this cycle
[2025-07-20 02:05:26.232] [pgw_logger] [debug] No timed‑out sessions this cycle
[2025-07-20 02:05:26.815] [pgw_logger] [debug] Received 8 bytes from 127.0.0.1:37471
[2025-07-20 02:05:26.816] [pgw_logger] [debug] Decoded IMSI 532468456978542
[2025-07-20 02:05:26.816] [pgw_logger] [info] Session created for IMSI 532468456978542
[2025-07-20 02:05:27.234] [pgw_logger] [debug] No timed‑out sessions this cycle
[2025-07-20 02:05:28.234] [pgw_logger] [debug] No timed‑out sessions this cycle
[2025-07-20 02:05:29.235] [pgw_logger] [debug] No timed‑out sessions this cycle
[2025-07-20 02:05:30.238] [pgw_logger] [debug] No timed‑out sessions this cycle
[2025-07-20 02:05:31.240] [pgw_logger] [debug] No timed‑out sessions this cycle
[2025-07-20 02:05:32.242] [pgw_logger] [debug] No timed‑out sessions this cycle
[2025-07-20 02:05:33.068] [pgw_logger] [debug] Received 8 bytes from 127.0.0.1:56841
[2025-07-20 02:05:33.068] [pgw_logger] [debug] Decoded IMSI 123456789012345
[2025-07-20 02:05:33.068] [pgw_logger] [info] Session created for IMSI 123456789012345
[2025-07-20 02:05:33.243] [pgw_logger] [debug] No timed‑out sessions this cycle
[2025-07-20 02:05:34.243] [pgw_logger] [debug] No timed‑out sessions this cycle
[2025-07-20 02:05:35.244] [pgw_logger] [debug] No timed‑out sessions this cycle
[2025-07-20 02:05:36.244] [pgw_logger] [debug] No timed‑out sessions this cycle
[2025-07-20 02:05:37.244] [pgw_logger] [debug] No timed‑out sessions this cycle
[2025-07-20 02:05:38.245] [pgw_logger] [debug] No timed‑out sessions this cycle
[2025-07-20 02:05:39.245] [pgw_logger] [debug] No timed‑out sessions this cycle
[2025-07-20 02:05:40.245] [pgw_logger] [debug] No timed‑out sessions this cycle
[2025-07-20 02:05:41.247] [pgw_logger] [debug] No timed‑out sessions this cycle
[2025-07-20 02:05:42.249] [pgw_logger] [debug] No timed‑out sessions this cycle
[2025-07-20 02:05:42.270] [pgw_logger] [info] HTTP /stop called
[2025-07-20 02:05:43.251] [pgw_logger] [debug] No timed‑out sessions this cycle
[2025-07-20 02:05:43.251] [pgw_logger] [info] Graceful shutdown: 1 sess/sec
[2025-07-20 02:05:43.252] [pgw_logger] [info] Gracefully removed 123456789012345
[2025-07-20 02:05:43.294] [pgw_logger] [debug] UDP thread stopping
[2025-07-20 02:05:44.255] [pgw_logger] [info] Gracefully removed 532468456978542
[2025-07-20 02:05:45.255] [pgw_logger] [info] Graceful shutdown complete
[2025-07-20 02:05:45.257] [pgw_logger] [info] All done, exiting
